<?xml version="1.0" encoding="UTF-8"?>

<racine xmlns:xsi="http://www.w3.org/XMLSchema-instance" xsi:noNamespaceSchemaLocation="xsd/test.xsd">
</racine>