<?xml version="1.0" encoding="utf-8" standalone="no"?>

<xsd:schema xmlns:xsi="http://www.w3.org/2001/XMLSchema-instance" xsi:noNameSpaceSchemaLocation="xsd/test.xsd">

	
</xsd:schema>